2025-06-18 16:54:10,103 - conftest.py:[52] - [INFO] - --- Test run started. Logging to F:\TY_New\PythonRMG\HarshaFW_Python\logs\logs_18_06_2025_16_54_10\log_18_06_2025_16_54_10.log ---
2025-06-18 16:54:10,105 - base_test.py:[34] - [INFO] - --- Starting test: test_pass_scenario ---
2025-06-18 16:54:10,109 - base_test.py:[78] - [INFO] - Setting up 'chrome' browser (Headless: False)
2025-06-18 16:54:14,046 - base_test.py:[97] - [INFO] - Chrome WebDriver initialized successfully using Selenium Manager.
2025-06-18 16:54:14,231 - test_report_statuses.py:[22] - [INFO] - Navigating to https://www.google.com
2025-06-18 16:54:15,733 - test_report_statuses.py:[25] - [INFO] - Asserting that the title contains 'Google'
2025-06-18 16:54:15,773 - test_report_statuses.py:[28] - [INFO] - Pass scenario test completed successfully.
2025-06-18 16:54:15,782 - base_test.py:[70] - [INFO] - --- Finished test: test_pass_scenario ---
2025-06-18 16:54:18,974 - base_test.py:[34] - [INFO] - --- Starting test: test_fail_scenario ---
2025-06-18 16:54:18,982 - base_test.py:[78] - [INFO] - Setting up 'chrome' browser (Headless: False)
2025-06-18 16:54:22,142 - base_test.py:[97] - [INFO] - Chrome WebDriver initialized successfully using Selenium Manager.
2025-06-18 16:54:22,267 - test_report_statuses.py:[38] - [INFO] - Navigating to https://www.google.com
2025-06-18 16:54:24,331 - test_report_statuses.py:[41] - [ERROR] - This assertion will fail, triggering failure evidence capture.
2025-06-18 16:54:26,316 - base_test.py:[103] - [ERROR] - Test 'test_fail_scenario' failed. Capturing Allure screenshot.
2025-06-18 16:54:26,318 - base_test.py:[113] - [INFO] - Waiting for 2 seconds before taking screenshot...
2025-06-18 16:54:28,535 - base_test.py:[119] - [INFO] - Screenshot for Allure saved to: F:\TY_New\PythonRMG\HarshaFW_Python\reports\screenshots\failed_test_fail_scenario_20250618_165426.png
2025-06-18 16:54:28,538 - base_test.py:[70] - [INFO] - --- Finished test: test_fail_scenario ---
2025-06-18 16:54:31,739 - base_test.py:[34] - [INFO] - --- Starting test: test_skip_scenario ---
2025-06-18 16:54:31,749 - base_test.py:[78] - [INFO] - Setting up 'chrome' browser (Headless: False)
2025-06-18 16:54:35,165 - base_test.py:[97] - [INFO] - Chrome WebDriver initialized successfully using Selenium Manager.
2025-06-18 16:54:35,443 - test_report_statuses.py:[51] - [WARNING] - This test is being intentionally skipped.
2025-06-18 16:54:35,486 - base_test.py:[70] - [INFO] - --- Finished test: test_skip_scenario ---
2025-06-18 16:54:38,572 - conftest.py:[54] - [INFO] - --- Test run finished. ---
