2025-06-21 11:43:45,232 - conftest.py:[52] - [INFO] - --- Test run started. Logging to F:\TY_New\PythonRMG\HarshaFW_Python\logs\logs_21_06_2025_11_43_45\log_21_06_2025_11_43_45.log ---
2025-06-21 11:43:45,232 - base_test.py:[33] - [INFO] - --- Starting test: test_select_date_with_arrows ---
2025-06-21 11:43:45,235 - base_test.py:[69] - [INFO] - Setting up 'chrome' browser (Headless: False)
2025-06-21 11:43:45,235 - base_test.py:[85] - [INFO] - Using dedicated Chrome profile: F:\TY_New\PythonRMG\HarshaFW_Python\automation_chrome_profile
2025-06-21 11:43:46,603 - base_test.py:[107] - [INFO] - Chrome WebDriver initialized with dedicated profile and popup suppression.
2025-06-21 11:43:48,918 - base_page.py:[99] - [INFO] - Successfully navigated to: https://testautomationpractice.blogspot.com/
2025-06-21 11:43:48,920 - date_picker_page.py:[51] - [INFO] - Attempting to select date using arrows: 15-August-2026
2025-06-21 11:44:09,980 - date_picker_page.py:[46] - [ERROR] - Timeout: Could not switch to the practice iframe.
Traceback (most recent call last):
  File "F:\TY_New\PythonRMG\HarshaFW_Python\pages\date_picker_page.py", line 41, in _switch_to_frame
    WebDriverWait(self.driver, 20).until(
  File "C:\Python310\lib\site-packages\selenium\webdriver\support\wait.py", line 101, in until
    raise TimeoutException(message, screen, stacktrace)
selenium.common.exceptions.TimeoutException: Message: 
Stacktrace:
	GetHandleVerifier [0x0x7ff7e2eccda5+78885]
	GetHandleVerifier [0x0x7ff7e2ecce00+78976]
	(No symbol) [0x0x7ff7e2c89bca]
	(No symbol) [0x0x7ff7e2ce0766]
	(No symbol) [0x0x7ff7e2ce0a1c]
	(No symbol) [0x0x7ff7e2d34467]
	(No symbol) [0x0x7ff7e2d08bcf]
	(No symbol) [0x0x7ff7e2d3122f]
	(No symbol) [0x0x7ff7e2d08963]
	(No symbol) [0x0x7ff7e2cd16b1]
	(No symbol) [0x0x7ff7e2cd2443]
	GetHandleVerifier [0x0x7ff7e31a4eed+3061101]
	GetHandleVerifier [0x0x7ff7e319f33d+3037629]
	GetHandleVerifier [0x0x7ff7e31be592+3165202]
	GetHandleVerifier [0x0x7ff7e2ee730e+186766]
	GetHandleVerifier [0x0x7ff7e2eeeb3f+217535]
	GetHandleVerifier [0x0x7ff7e2ed59b4+114740]
	GetHandleVerifier [0x0x7ff7e2ed5b69+115177]
	GetHandleVerifier [0x0x7ff7e2ebc368+10728]
	BaseThreadInitThunk [0x0x7ff9b2e67374+20]
	RtlUserThreadStart [0x0x7ff9b34dcc91+33]

2025-06-21 11:44:10,070 - base_test.py:[113] - [ERROR] - Test 'test_select_date_with_arrows' failed. Capturing Allure screenshot.
2025-06-21 11:44:11,198 - base_test.py:[126] - [INFO] - Screenshot for Allure saved to: F:\TY_New\PythonRMG\HarshaFW_Python\reports\screenshots\failed_test_select_date_with_arrows_20250621_114410.png
2025-06-21 11:44:11,199 - base_test.py:[61] - [INFO] - --- Finished test: test_select_date_with_arrows ---
2025-06-21 11:44:13,479 - conftest.py:[54] - [INFO] - --- Test run finished. ---
