{"name": "TC_INT_001 - Verify product added from catalog appears in cart", "status": "passed", "description": "\nTC_INT_001 - Verify adding a product from catalog reflects correctly in cart.\n", "steps": [{"name": "Navigate to Supertails home page", "status": "passed", "start": 1761683449100, "stop": 1761683451906}, {"name": "Search for a product and add to cart", "status": "passed", "steps": [{"name": "Entering text ''dog food'' into Element: ('css selector', 'input#mainfrm')", "status": "passed", "parameters": [{"name": "locator", "value": "('css selector', 'input#mainfrm')"}, {"name": "text", "value": "'dog food'"}, {"name": "clear_first", "value": "True"}], "start": 1761683451907, "stop": 1761683452556}, {"name": "Clicking Element: ('xpath', '(//span[contains(text(),\"Search\")])[5]')", "status": "broken", "statusDetails": {"message": "selenium.common.exceptions.ElementClickInterceptedException: Message: element click intercepted: Element <span class=\"icon__fallback-text\">...</span> is not clickable at point (825, 25). Other element would receive the click: <input type=\"search\" autocomplete=\"off\" name=\"q\" placeholder=\"Search for pedig\" id=\"mainfrm\" class=\"site-header__search-input\" aria-label=\"Search...\">\n  (Session info: chrome=141.0.7390.123)\nStacktrace:\n\tGetHandleVerifier [0x0x7ff75705e8e5+80021]\n\tGetHandleVerifier [0x0x7ff75705e940+80112]\n\t(No symbol) [0x0x7ff756de060f]\n\t(No symbol) [0x0x7ff756e40a39]\n\t(No symbol) [0x0x7ff756e3e3be]\n\t(No symbol) [0x0x7ff756e3b2e1]\n\t(No symbol) [0x0x7ff756e3a1a0]\n\t(No symbol) [0x0x7ff756e2b7c8]\n\t(No symbol) [0x0x7ff756e6122a]\n\t(No symbol) [0x0x7ff756e2b056]\n\t(No symbol) [0x0x7ff756e61440]\n\t(No symbol) [0x0x7ff756e8968a]\n\t(No symbol) [0x0x7ff756e61003]\n\t(No symbol) [0x0x7ff756e295d1]\n\t(No symbol) [0x0x7ff756e2a3f3]\n\tGetHandleVerifier [0x0x7ff75731dc7d+2960429]\n\tGetHandleVerifier [0x0x7ff757317f3a+2936554]\n\tGetHandleVerifier [0x0x7ff757338977+3070247]\n\tGetHandleVerifier [0x0x7ff7570783ce+185214]\n\tGetHandleVerifier [0x0x7ff75707fe1f+216527]\n\tGetHandleVerifier [0x0x7ff757067b24+117460]\n\tGetHandleVerifier [0x0x7ff757067cdf+117903]\n\tGetHandleVerifier [0x0x7ff75704dbb8+11112]\n\tBaseThreadInitThunk [0x0x7ffc2e74e8d7+23]\n\tRtlUserThreadStart [0x0x7ffc2f9df36c+44]\n\n", "trace": "  File \"D:\\supertails_automation\\venv\\Lib\\site-packages\\allure_commons\\_allure.py\", line 192, in impl\n    return func(*a, **kw)\n  File \"D:\\supertails_automation\\pages\\base_page.py\", line 35, in click\n    element.click()\n    ~~~~~~~~~~~~~^^\n  File \"D:\\supertails_automation\\venv\\Lib\\site-packages\\selenium\\webdriver\\remote\\webelement.py\", line 93, in click\n    self._execute(Command.CLICK_ELEMENT)\n    ~~~~~~~~~~~~~^^^^^^^^^^^^^^^^^^^^^^^\n  File \"D:\\supertails_automation\\venv\\Lib\\site-packages\\selenium\\webdriver\\remote\\webelement.py\", line 394, in _execute\n    return self._parent.execute(command, params)\n           ~~~~~~~~~~~~~~~~~~~~^^^^^^^^^^^^^^^^^\n  File \"D:\\supertails_automation\\venv\\Lib\\site-packages\\selenium\\webdriver\\remote\\webdriver.py\", line 347, in execute\n    self.error_handler.check_response(response)\n    ~~~~~~~~~~~~~~~~~~~~~~~~~~~~~~~~~^^^^^^^^^^\n  File \"D:\\supertails_automation\\venv\\Lib\\site-packages\\selenium\\webdriver\\remote\\errorhandler.py\", line 229, in check_response\n    raise exception_class(message, screen, stacktrace)\n"}, "parameters": [{"name": "locator", "value": "('xpath', '(//span[contains(text(),\"Search\")])[5]')"}], "start": 1761683452557, "stop": 1761683453722}, {"name": "Clicking Element: ('xpath', '//span[contains(text(),\"Add to Cart\")]/..')", "status": "broken", "statusDetails": {"message": "selenium.common.exceptions.TimeoutException: Message: \n\n", "trace": "  File \"D:\\supertails_automation\\venv\\Lib\\site-packages\\allure_commons\\_allure.py\", line 192, in impl\n    return func(*a, **kw)\n  File \"D:\\supertails_automation\\pages\\base_page.py\", line 34, in click\n    element = self.wait.until(EC.element_to_be_clickable(locator))\n  File \"D:\\supertails_automation\\venv\\Lib\\site-packages\\selenium\\webdriver\\support\\wait.py\", line 101, in until\n    raise TimeoutException(message, screen, stacktrace)\n"}, "parameters": [{"name": "locator", "value": "('xpath', '//span[contains(text(),\"Add to Cart\")]/..')"}], "start": 1761683458611, "stop": 1761683478801}, {"name": "Wait for element to be present: ('xpath', '//span[contains(text(),\"Add to Cart\")]/..')", "status": "passed", "parameters": [{"name": "locator", "value": "('xpath', '//span[contains(text(),\"Add to Cart\")]/..')"}, {"name": "timeout", "value": "20"}], "start": 1761683478803, "stop": 1761683478812}], "start": 1761683451906, "stop": 1761683483856}, {"name": "Open cart and verify added product", "status": "passed", "steps": [{"name": "Clicking Element: ('xpath', '(//a[@id=\"HeaderCartTrigger\"])[2]')", "status": "passed", "parameters": [{"name": "locator", "value": "('xpath', '(//a[@id=\"HeaderCartTrigger\"])[2]')"}], "start": 1761683483857, "stop": 1761683485456}], "attachments": [{"name": "Cart Verification", "source": "f8c7653e-7b4d-4cc9-9529-cd44e040de87-attachment.txt", "type": "text/plain"}], "start": 1761683483857, "stop": 1761683488502}], "attachments": [{"name": "log", "source": "d8cecac8-4a51-49a0-9c2c-dfd4f4b6f9aa-attachment.txt", "type": "text/plain"}, {"name": "stderr", "source": "423a52f0-1f72-4534-9dc2-284078f9615f-attachment.txt", "type": "text/plain"}], "parameters": [{"name": "browser", "value": "'chrome'"}], "start": 1761683449096, "stop": 1761683488503, "uuid": "07d79fac-0cfd-4c51-85ab-c0d7576373ef", "historyId": "d803223385ac4adb9d905dc622d56fa3", "testCaseId": "ea5ab9c6fed88dc30ebaf4c4fed727c9", "fullName": "tests.test_integration_cart_catalog.TestIntegrationCartCatalog#test_add_product_to_cart_from_catalog", "labels": [{"name": "feature", "value": "Integration Flow"}, {"name": "story", "value": "Product Catalog to Cart Integration"}, {"name": "severity", "value": "critical"}, {"name": "tag", "value": "regression"}, {"name": "tag", "value": "integration"}, {"name": "parentSuite", "value": "tests"}, {"name": "suite", "value": "test_integration_cart_catalog"}, {"name": "subSuite", "value": "TestIntegrationCartCatalog"}, {"name": "host", "value": "Ni_KILL"}, {"name": "thread", "value": "8188-MainThread"}, {"name": "framework", "value": "pytest"}, {"name": "language", "value": "cpython3"}, {"name": "package", "value": "tests.test_integration_cart_catalog"}]}