2025-06-21 10:31:22,618 - conftest.py:[52] - [INFO] - --- Test run started. Logging to F:\TY_New\PythonRMG\HarshaFW_Python\logs\logs_21_06_2025_10_31_22\log_21_06_2025_10_31_22.log ---
2025-06-21 10:31:22,619 - base_test.py:[33] - [INFO] - --- Starting test: test_select_specific_date ---
2025-06-21 10:31:22,621 - base_test.py:[69] - [INFO] - Setting up 'chrome' browser (Headless: False)
2025-06-21 10:31:22,622 - base_test.py:[85] - [INFO] - Using dedicated Chrome profile: F:\TY_New\PythonRMG\HarshaFW_Python\automation_chrome_profile
2025-06-21 10:31:24,038 - base_test.py:[107] - [INFO] - Chrome WebDriver initialized with dedicated profile and popup suppression.
2025-06-21 10:31:26,653 - base_page.py:[125] - [INFO] - Successfully navigated to: https://testautomationpractice.blogspot.com/
2025-06-21 10:31:26,653 - date_picker_page.py:[37] - [INFO] - Attempting to select date: 15-August-2025
2025-06-21 10:31:47,761 - base_page.py:[50] - [ERROR] - Timeout: Element was not present within 20s: ('xpath', "//iframe[starts-with(@id, 'frame-one')]")
2025-06-21 10:31:47,765 - date_picker_page.py:[72] - [INFO] - Switched back to default content.
2025-06-21 10:31:47,841 - base_test.py:[113] - [ERROR] - Test 'test_select_specific_date' failed. Capturing Allure screenshot.
2025-06-21 10:31:49,083 - base_test.py:[126] - [INFO] - Screenshot for Allure saved to: F:\TY_New\PythonRMG\HarshaFW_Python\reports\screenshots\failed_test_select_specific_date_20250621_103147.png
2025-06-21 10:31:49,083 - base_test.py:[61] - [INFO] - --- Finished test: test_select_specific_date ---
2025-06-21 10:31:51,407 - conftest.py:[54] - [INFO] - --- Test run finished. ---
