2025-06-21 10:36:08,750 - conftest.py:[52] - [INFO] - --- Test run started. Logging to F:\TY_New\PythonRMG\HarshaFW_Python\logs\logs_21_06_2025_10_36_08\log_21_06_2025_10_36_08.log ---
2025-06-21 10:36:08,751 - base_test.py:[33] - [INFO] - --- Starting test: test_select_specific_date ---
2025-06-21 10:36:08,754 - base_test.py:[69] - [INFO] - Setting up 'chrome' browser (Headless: False)
2025-06-21 10:36:08,754 - base_test.py:[85] - [INFO] - Using dedicated Chrome profile: F:\TY_New\PythonRMG\HarshaFW_Python\automation_chrome_profile
2025-06-21 10:36:10,128 - base_test.py:[107] - [INFO] - Chrome WebDriver initialized with dedicated profile and popup suppression.
2025-06-21 10:36:13,050 - base_page.py:[125] - [INFO] - Successfully navigated to: https://testautomationpractice.blogspot.com/
2025-06-21 10:36:13,051 - date_picker_page.py:[35] - [INFO] - Attempting to select date: 15-August-2025
2025-06-21 10:36:34,110 - base_page.py:[50] - [ERROR] - Timeout: Element was not present within 20s: ('xpath', "//div[@id='main']//iframe")
2025-06-21 10:36:34,113 - date_picker_page.py:[70] - [INFO] - Switched back to default content.
2025-06-21 10:36:34,195 - base_test.py:[113] - [ERROR] - Test 'test_select_specific_date' failed. Capturing Allure screenshot.
2025-06-21 10:36:35,315 - base_test.py:[126] - [INFO] - Screenshot for Allure saved to: F:\TY_New\PythonRMG\HarshaFW_Python\reports\screenshots\failed_test_select_specific_date_20250621_103634.png
2025-06-21 10:36:35,316 - base_test.py:[61] - [INFO] - --- Finished test: test_select_specific_date ---
2025-06-21 10:36:37,599 - conftest.py:[54] - [INFO] - --- Test run finished. ---
