2025-10-28 11:54:02,145 - conftest.py:[52] - [INFO] - --- Test run started. Logging to D:\supertails_automation\logs\logs_28_10_2025_11_54_02\log_28_10_2025_11_54_02.log ---
2025-10-28 11:54:02,146 - base_test.py:[35] - [INFO] - --- Starting test: test_add_product_to_cart_from_catalog ---
2025-10-28 11:54:02,155 - base_test.py:[46] - [INFO] - Running test on browser: CHROME
2025-10-28 11:54:02,156 - base_test.py:[46] - [INFO] - Running test on browser: EDGE
2025-10-28 11:54:02,156 - base_test.py:[76] - [INFO] - Setting up 'edge' browser (Headless: False)
2025-10-28 11:54:04,346 - base_test.py:[132] - [INFO] - Edge WebDriver initialized successfully.
2025-10-28 11:54:04,435 - test_integration_cart_catalog.py:[27] - [INFO] - Navigating to URL: https://supertails.com/
2025-10-28 11:54:33,283 - product_catalog.py:[17] - [INFO] - searching for product fdog food
2025-10-28 11:54:33,844 - base_page.py:[52] - [INFO] - Successfully entered text into element: ('css selector', 'input#mainfrm')
2025-10-28 11:54:35,277 - product_catalog.py:[22] - [WARNING] - Search button click intercepted, retrying with JS click
2025-10-28 11:54:59,922 - product_catalog.py:[27] - [INFO] - getting for products
2025-10-28 11:55:02,834 - product_catalog.py:[33] - [INFO] - adding the product to cart
2025-10-28 11:55:27,152 - test_integration_cart_catalog.py:[39] - [INFO] - Opened 3rd product from search results successfully.
2025-10-28 11:55:27,153 - product_catalog.py:[42] - [INFO] - Clicking Add to Cart button on product detail page
2025-10-28 11:55:27,836 - base_page.py:[36] - [INFO] - Successfully clicked element: ('xpath', '//span[contains(text(),"Add to Cart")]')
2025-10-28 11:55:27,837 - product_catalog.py:[45] - [INFO] - Add to Cart button clicked successfully
2025-10-28 11:55:27,838 - test_integration_cart_catalog.py:[41] - [INFO] - Product added to cart successfully.
2025-10-28 11:55:27,839 - cart.py:[15] - [INFO] - opening cart
2025-10-28 11:55:51,926 - base_page.py:[36] - [INFO] - Successfully clicked element: ('xpath', '(//a[@id="HeaderCartTrigger"])[2]')
2025-10-28 11:55:54,927 - cart.py:[19] - [INFO] - getting items in cart
2025-10-28 11:56:04,957 - test_integration_cart_catalog.py:[52] - [INFO] - Cart contents: []
2025-10-28 11:56:04,958 - test_integration_cart_catalog.py:[62] - [ERROR] - Error verifying cart after add: No items found in cart after adding product.
assert 0 > 0
 +  where 0 = len([])
2025-10-28 11:56:05,362 - base_test.py:[138] - [ERROR] - Test 'test_add_product_to_cart_from_catalog' failed. Capturing Allure screenshot.
2025-10-28 11:56:06,672 - base_test.py:[151] - [INFO] - Screenshot for Allure saved to: D:\supertails_automation\reports\screenshots\failed_test_add_product_to_cart_from_catalog_20251028_115605.png
2025-10-28 11:56:06,673 - base_test.py:[68] - [INFO] - --- Finished test: test_add_product_to_cart_from_catalog ---
2025-10-28 11:56:09,632 - conftest.py:[54] - [INFO] - --- Test run finished. ---
