2025-10-28 11:48:24,182 - conftest.py:[52] - [INFO] - --- Test run started. Logging to D:\supertails_automation\logs\logs_28_10_2025_11_48_24\log_28_10_2025_11_48_24.log ---
2025-10-28 11:48:24,184 - base_test.py:[35] - [INFO] - --- Starting test: test_add_product_to_cart_from_catalog ---
2025-10-28 11:48:24,196 - base_test.py:[46] - [INFO] - Running test on browser: CHROME
2025-10-28 11:48:24,196 - base_test.py:[46] - [INFO] - Running test on browser: EDGE
2025-10-28 11:48:24,197 - base_test.py:[76] - [INFO] - Setting up 'edge' browser (Headless: False)
2025-10-28 11:48:26,700 - base_test.py:[132] - [INFO] - Edge WebDriver initialized successfully.
2025-10-28 11:48:26,799 - test_integration_cart_catalog.py:[27] - [INFO] - Navigating to URL: https://supertails.com/
2025-10-28 11:48:56,809 - product_catalog.py:[17] - [INFO] - searching for product fdog food
2025-10-28 11:48:57,026 - base_page.py:[52] - [INFO] - Successfully entered text into element: ('css selector', 'input#mainfrm')
2025-10-28 11:48:58,177 - product_catalog.py:[22] - [WARNING] - Search button click intercepted, retrying with JS click
2025-10-28 11:49:24,725 - product_catalog.py:[27] - [INFO] - getting for products
2025-10-28 11:49:27,545 - product_catalog.py:[33] - [INFO] - adding the product to cart
2025-10-28 11:49:54,006 - test_integration_cart_catalog.py:[39] - [INFO] - Opened 3rd product from search results successfully.
2025-10-28 11:49:54,007 - product_catalog.py:[42] - [INFO] - Clicking Add to Cart button on product detail page
2025-10-28 11:49:54,671 - base_page.py:[36] - [INFO] - Successfully clicked element: ('xpath', '//span[contains(text(),"Add to Cart")]')
2025-10-28 11:49:54,671 - product_catalog.py:[45] - [INFO] - Add to Cart button clicked successfully
2025-10-28 11:49:54,672 - test_integration_cart_catalog.py:[41] - [INFO] - Product added to cart successfully.
2025-10-28 11:49:54,673 - cart.py:[15] - [INFO] - opening cart
2025-10-28 11:50:21,064 - base_page.py:[36] - [INFO] - Successfully clicked element: ('xpath', '(//a[@id="HeaderCartTrigger"])[2]')
2025-10-28 11:50:24,066 - cart.py:[19] - [INFO] - getting items in cart
2025-10-28 11:50:34,126 - test_integration_cart_catalog.py:[52] - [INFO] - Cart contents: []
2025-10-28 11:50:34,128 - test_integration_cart_catalog.py:[62] - [ERROR] - Error verifying cart after add: No items found in cart after adding product.
assert 0 > 0
 +  where 0 = len([])
2025-10-28 11:50:34,692 - base_test.py:[138] - [ERROR] - Test 'test_add_product_to_cart_from_catalog' failed. Capturing Allure screenshot.
2025-10-28 11:50:35,956 - base_test.py:[151] - [INFO] - Screenshot for Allure saved to: D:\supertails_automation\reports\screenshots\failed_test_add_product_to_cart_from_catalog_20251028_115034.png
2025-10-28 11:50:35,958 - base_test.py:[68] - [INFO] - --- Finished test: test_add_product_to_cart_from_catalog ---
2025-10-28 11:50:38,927 - conftest.py:[54] - [INFO] - --- Test run finished. ---
