2025-06-21 10:25:05,694 - conftest.py:[52] - [INFO] - --- Test run started. Logging to F:\TY_New\PythonRMG\HarshaFW_Python\logs\logs_21_06_2025_10_25_05\log_21_06_2025_10_25_05.log ---
2025-06-21 10:25:05,695 - base_test.py:[33] - [INFO] - --- Starting test: test_select_specific_date ---
2025-06-21 10:25:05,697 - base_test.py:[69] - [INFO] - Setting up 'chrome' browser (Headless: False)
2025-06-21 10:25:05,698 - base_test.py:[85] - [INFO] - Using dedicated Chrome profile: F:\TY_New\PythonRMG\HarshaFW_Python\automation_chrome_profile
2025-06-21 10:25:07,070 - base_test.py:[107] - [INFO] - Chrome WebDriver initialized with dedicated profile and popup suppression.
2025-06-21 10:25:09,972 - base_page.py:[125] - [INFO] - Successfully navigated to: https://testautomationpractice.blogspot.com/
2025-06-21 10:25:09,973 - date_picker_page.py:[36] - [INFO] - Attempting to select date: 15-August-2025
2025-06-21 10:25:10,051 - base_page.py:[61] - [INFO] - Successfully clicked element: ('id', 'datepicker')
2025-06-21 10:25:32,156 - base_page.py:[50] - [ERROR] - Timeout: Element was not present within 20s: ('css selector', 'select.ui-datepicker-year')
2025-06-21 10:25:32,253 - base_test.py:[113] - [ERROR] - Test 'test_select_specific_date' failed. Capturing Allure screenshot.
2025-06-21 10:25:33,388 - base_test.py:[126] - [INFO] - Screenshot for Allure saved to: F:\TY_New\PythonRMG\HarshaFW_Python\reports\screenshots\failed_test_select_specific_date_20250621_102532.png
2025-06-21 10:25:33,389 - base_test.py:[61] - [INFO] - --- Finished test: test_select_specific_date ---
2025-06-21 10:25:35,718 - conftest.py:[54] - [INFO] - --- Test run finished. ---
