2025-10-28 11:41:14,595 - conftest.py:[52] - [INFO] - --- Test run started. Logging to D:\supertails_automation\logs\logs_28_10_2025_11_41_14\log_28_10_2025_11_41_14.log ---
2025-10-28 11:41:14,597 - base_test.py:[35] - [INFO] - --- Starting test: test_add_product_to_cart_from_catalog ---
2025-10-28 11:41:14,632 - base_test.py:[46] - [INFO] - Running test on browser: CHROME
2025-10-28 11:41:14,633 - base_test.py:[46] - [INFO] - Running test on browser: EDGE
2025-10-28 11:41:14,634 - base_test.py:[76] - [INFO] - Setting up 'edge' browser (Headless: False)
2025-10-28 11:41:16,880 - base_test.py:[132] - [INFO] - Edge WebDriver initialized successfully.
2025-10-28 11:41:16,972 - test_integration_cart_catalog.py:[27] - [INFO] - Navigating to URL: https://supertails.com/
2025-10-28 11:41:35,173 - product_catalog.py:[17] - [INFO] - searching for product fdog food
2025-10-28 11:41:35,727 - base_page.py:[52] - [INFO] - Successfully entered text into element: ('css selector', 'input#mainfrm')
2025-10-28 11:41:37,118 - product_catalog.py:[22] - [WARNING] - Search button click intercepted, retrying with JS click
2025-10-28 11:41:41,285 - product_catalog.py:[27] - [INFO] - getting for products
2025-10-28 11:41:43,779 - product_catalog.py:[33] - [INFO] - adding the product to cart
2025-10-28 11:41:48,108 - test_integration_cart_catalog.py:[39] - [INFO] - Opened 3rd product from search results successfully.
2025-10-28 11:41:48,108 - cart.py:[15] - [INFO] - opening cart
2025-10-28 11:41:51,295 - base_page.py:[36] - [INFO] - Successfully clicked element: ('xpath', '(//a[@id="HeaderCartTrigger"])[2]')
2025-10-28 11:41:54,297 - cart.py:[19] - [INFO] - getting items in cart
2025-10-28 11:42:04,349 - test_integration_cart_catalog.py:[50] - [INFO] - Cart contents: []
2025-10-28 11:42:04,349 - test_integration_cart_catalog.py:[60] - [ERROR] - Error verifying cart after add: No items found in cart after adding product.
assert 0 > 0
 +  where 0 = len([])
2025-10-28 11:42:04,865 - base_test.py:[138] - [ERROR] - Test 'test_add_product_to_cart_from_catalog' failed. Capturing Allure screenshot.
2025-10-28 11:42:06,080 - base_test.py:[151] - [INFO] - Screenshot for Allure saved to: D:\supertails_automation\reports\screenshots\failed_test_add_product_to_cart_from_catalog_20251028_114204.png
2025-10-28 11:42:06,082 - base_test.py:[68] - [INFO] - --- Finished test: test_add_product_to_cart_from_catalog ---
2025-10-28 11:42:10,040 - conftest.py:[54] - [INFO] - --- Test run finished. ---
